2025-07-30 14:23:32,426 [INFO] notification-service: Notification sent successfully via sms
2025-07-30 14:23:35,061 [INFO] notification-service: Notification sent successfully via sms
2025-07-30 14:23:35,081 [INFO] notification-service: Notification sent successfully via email
2025-07-30 14:23:46,708 [INFO] notification-service: Notification sent successfully via sms
2025-07-30 14:23:46,708 [INFO] notification-service: Notification sent successfully via sms
2025-07-30 14:23:55,905 [INFO] notification-service: Notification sent successfully via sms
2025-07-30 14:23:55,906 [INFO] notification-service: Notification sent successfully via email
2025-07-30 14:23:59,548 [INFO] notification-service: Notification sent successfully via email
2025-07-30 14:23:59,549 [INFO] notification-service: Notification sent successfully via email
2025-07-30 14:23:59,549 [INFO] notification-service: Notification sent successfully via email
2025-07-30 14:24:11,169 [INFO] notification-service: Notification sent successfully via email
2025-07-30 14:24:11,170 [INFO] notification-service: Notification sent successfully via sms
2025-07-30 14:24:11,170 [INFO] notification-service: Notification sent successfully via sms
2025-07-30 14:24:11,171 [INFO] notification-service: Notification sent successfully via sms
2025-07-30 14:24:20,174 [INFO] notification-service: Notification sent successfully via sms
2025-07-30 14:24:20,174 [INFO] notification-service: Notification sent successfully via sms
2025-07-30 14:24:20,175 [INFO] notification-service: Notification sent successfully via email
2025-07-30 14:24:20,175 [INFO] notification-service: Notification sent successfully via push
2025-07-30 14:24:30,305 [INFO] notification-service: Notification sent successfully via sms
2025-07-30 14:24:30,305 [INFO] notification-service: Notification sent successfully via email
2025-07-30 14:24:30,305 [INFO] notification-service: Notification sent successfully via sms
2025-07-30 14:24:30,306 [INFO] notification-service: Notification sent successfully via sms
2025-07-30 14:24:32,449 [INFO] notification-service: Notification sent successfully via email
2025-07-30 14:24:32,449 [INFO] notification-service: Notification sent successfully via email
2025-07-30 14:24:39,955 [INFO] notification-service: Notification sent successfully via sms
2025-07-30 14:24:39,955 [INFO] notification-service: Notification sent successfully via email
2025-07-30 14:24:47,699 [ERROR] notification-service: Notification failed: NETWORK_ERROR
2025-07-30 14:24:47,699 [INFO] notification-service: Notification sent successfully via sms
2025-07-30 14:24:47,700 [INFO] notification-service: Notification sent successfully via email
2025-07-30 14:24:47,700 [INFO] notification-service: Notification sent successfully via email
2025-07-30 14:24:54,705 [INFO] notification-service: Notification sent successfully via push
2025-07-30 14:24:54,705 [INFO] notification-service: Notification sent successfully via sms
2025-07-30 14:24:54,706 [INFO] notification-service: Notification sent successfully via email
2025-07-30 14:24:54,706 [INFO] notification-service: Notification sent successfully via email
2025-07-30 14:25:06,119 [INFO] notification-service: Notification sent successfully via email
2025-07-30 14:25:06,120 [INFO] notification-service: Notification sent successfully via sms
2025-07-30 14:25:06,120 [INFO] notification-service: Notification sent successfully via sms
2025-07-30 14:25:17,469 [INFO] notification-service: Notification sent successfully via sms
2025-07-30 14:25:24,745 [INFO] notification-service: Notification sent successfully via sms
2025-07-30 14:25:24,746 [INFO] notification-service: Notification sent successfully via email
2025-07-30 14:25:34,183 [INFO] notification-service: Notification sent successfully via email
2025-07-30 14:25:34,185 [INFO] notification-service: Notification sent successfully via email
2025-07-30 14:25:34,190 [INFO] notification-service: Notification sent successfully via push
2025-07-30 14:25:39,159 [INFO] notification-service: Notification sent successfully via email
2025-07-30 14:25:39,160 [INFO] notification-service: Notification sent successfully via sms
2025-07-30 14:25:39,161 [ERROR] notification-service: Notification failed: NETWORK_ERROR
2025-07-30 14:25:39,161 [INFO] notification-service: Notification sent successfully via sms
2025-07-30 14:25:51,597 [INFO] notification-service: Notification sent successfully via sms
2025-07-30 14:25:51,597 [INFO] notification-service: Notification sent successfully via sms
2025-07-30 14:26:00,674 [INFO] notification-service: Notification sent successfully via sms
2025-07-30 14:26:00,674 [INFO] notification-service: Notification sent successfully via sms
2025-07-30 14:26:10,561 [INFO] notification-service: Notification sent successfully via sms
2025-07-30 14:26:10,562 [INFO] notification-service: Notification sent successfully via email
2025-07-30 14:26:10,562 [INFO] notification-service: Notification sent successfully via email
2025-07-30 14:26:18,619 [INFO] notification-service: Notification sent successfully via push
2025-07-30 14:26:18,620 [INFO] notification-service: Notification sent successfully via sms
2025-07-30 14:26:18,620 [INFO] notification-service: Notification sent successfully via sms
2025-07-30 14:26:23,919 [INFO] notification-service: Notification sent successfully via sms
2025-07-30 14:26:23,922 [INFO] notification-service: Notification sent successfully via sms
2025-07-30 14:26:23,922 [INFO] notification-service: Notification sent successfully via sms
2025-07-30 14:26:31,076 [INFO] notification-service: Notification sent successfully via sms
2025-07-30 14:26:31,076 [INFO] notification-service: Notification sent successfully via push
2025-07-30 14:26:31,077 [ERROR] notification-service: Notification failed: QUOTA_EXCEEDED
2025-07-30 14:26:31,077 [INFO] notification-service: Notification sent successfully via sms
2025-07-30 14:26:38,743 [INFO] notification-service: Notification sent successfully via sms
2025-07-30 14:26:38,743 [INFO] notification-service: Notification sent successfully via email
2025-07-30 14:26:38,744 [ERROR] notification-service: Notification failed: QUOTA_EXCEEDED
2025-07-30 14:26:42,887 [INFO] notification-service: Notification sent successfully via email
2025-07-30 14:26:47,422 [INFO] notification-service: Notification sent successfully via push
2025-07-30 14:26:47,422 [ERROR] notification-service: Notification failed: INVALID_RECIPIENT
2025-07-30 14:27:01,344 [INFO] notification-service: Notification sent successfully via email
2025-07-30 14:27:10,030 [INFO] notification-service: Notification sent successfully via email
2025-07-30 14:27:16,100 [INFO] notification-service: Notification sent successfully via sms
2025-07-30 14:27:16,101 [INFO] notification-service: Notification sent successfully via sms
2025-07-30 14:27:22,963 [ERROR] notification-service: Notification failed: INVALID_RECIPIENT
2025-07-30 14:27:22,964 [INFO] notification-service: Notification sent successfully via sms
2025-07-30 14:27:22,965 [INFO] notification-service: Notification sent successfully via email
2025-07-30 14:27:34,923 [INFO] notification-service: Notification sent successfully via email
2025-07-30 14:27:34,924 [INFO] notification-service: Notification sent successfully via sms
2025-07-30 14:27:42,154 [INFO] notification-service: Notification sent successfully via sms
2025-07-30 14:27:47,279 [INFO] notification-service: Notification sent successfully via email
2025-07-30 14:27:47,280 [INFO] notification-service: Notification sent successfully via sms
2025-07-30 14:27:47,280 [INFO] notification-service: Notification sent successfully via push
2025-07-30 14:27:59,378 [INFO] notification-service: Notification sent successfully via sms
2025-07-30 14:27:59,379 [INFO] notification-service: Notification sent successfully via sms
2025-07-30 14:27:59,379 [INFO] notification-service: Notification sent successfully via sms
2025-07-30 14:27:59,379 [INFO] notification-service: Notification sent successfully via sms
2025-07-30 14:28:07,090 [INFO] notification-service: Notification sent successfully via push
2025-07-30 14:28:10,248 [INFO] notification-service: Notification sent successfully via email
2025-07-30 14:28:10,249 [INFO] notification-service: Notification sent successfully via sms
2025-07-30 14:28:10,249 [ERROR] notification-service: Notification failed: QUOTA_EXCEEDED
2025-07-30 14:28:23,405 [INFO] notification-service: Notification sent successfully via sms
2025-07-30 14:28:29,563 [INFO] notification-service: Notification sent successfully via sms
2025-07-30 14:28:29,563 [INFO] notification-service: Notification sent successfully via email
2025-07-30 14:28:29,564 [INFO] notification-service: Notification sent successfully via email
2025-07-30 14:28:29,565 [INFO] notification-service: Notification sent successfully via email
2025-07-30 14:28:40,316 [INFO] notification-service: Notification sent successfully via email
2025-07-30 14:28:40,317 [INFO] notification-service: Notification sent successfully via email
2025-07-30 14:28:40,317 [INFO] notification-service: Notification sent successfully via email
2025-07-30 14:28:48,153 [INFO] notification-service: Notification sent successfully via email
2025-07-30 14:28:48,154 [INFO] notification-service: Notification sent successfully via email
2025-07-30 14:28:59,304 [INFO] notification-service: Notification sent successfully via email
2025-07-30 14:28:59,304 [INFO] notification-service: Notification sent successfully via email
2025-07-30 14:28:59,305 [INFO] notification-service: Notification sent successfully via sms
2025-07-30 14:28:59,305 [INFO] notification-service: Notification sent successfully via sms
2025-07-30 14:29:03,403 [INFO] notification-service: Notification sent successfully via sms
2025-07-30 14:29:05,444 [INFO] notification-service: Notification sent successfully via sms
2025-07-30 14:29:12,251 [INFO] notification-service: Notification sent successfully via sms
2025-07-30 14:29:12,252 [INFO] notification-service: Notification sent successfully via email
2025-07-30 14:29:23,483 [INFO] notification-service: Notification sent successfully via sms
2025-07-30 14:29:23,483 [INFO] notification-service: Notification sent successfully via sms
2025-07-30 14:29:23,484 [INFO] notification-service: Notification sent successfully via sms
2025-07-30 14:29:23,484 [INFO] notification-service: Notification sent successfully via sms
2025-07-30 14:29:28,657 [ERROR] notification-service: Notification failed: NETWORK_ERROR
2025-07-30 14:29:40,202 [INFO] notification-service: Notification sent successfully via sms
2025-07-30 14:29:52,781 [ERROR] notification-service: Notification failed: INVALID_RECIPIENT
2025-07-30 14:30:03,477 [INFO] notification-service: Notification sent successfully via email
2025-07-30 14:30:06,233 [INFO] notification-service: Notification sent successfully via sms
2025-07-30 14:30:29,586 [INFO] notification-service: Notification sent successfully via email
2025-07-30 14:30:29,592 [INFO] notification-service: Notification sent successfully via sms
2025-07-30 14:30:29,592 [INFO] notification-service: Notification sent successfully via push
2025-07-30 14:30:29,593 [ERROR] notification-service: Notification failed: INVALID_RECIPIENT
2025-07-30 14:30:40,542 [INFO] notification-service: Notification sent successfully via email
2025-07-30 14:30:40,546 [INFO] notification-service: Notification sent successfully via sms
2025-07-30 14:30:40,548 [INFO] notification-service: Notification sent successfully via email
2025-07-30 14:30:44,914 [INFO] notification-service: Notification sent successfully via push
2025-07-30 14:30:44,921 [INFO] notification-service: Notification sent successfully via sms
2025-07-30 14:30:52,886 [INFO] notification-service: Notification sent successfully via email
2025-07-30 14:31:06,679 [INFO] notification-service: Notification sent successfully via sms
2025-07-30 14:31:10,591 [INFO] notification-service: Notification sent successfully via email
2025-07-30 14:31:24,415 [INFO] notification-service: Notification sent successfully via sms
2025-07-30 14:31:24,415 [INFO] notification-service: Notification sent successfully via sms
2025-07-30 14:31:24,416 [INFO] notification-service: Notification sent successfully via sms
2025-07-30 14:31:24,416 [INFO] notification-service: Notification sent successfully via sms
2025-07-30 14:31:32,306 [INFO] notification-service: Notification sent successfully via sms
2025-07-30 14:31:32,306 [INFO] notification-service: Notification sent successfully via sms
2025-07-30 14:31:32,307 [INFO] notification-service: Notification sent successfully via email
2025-07-30 14:31:39,044 [INFO] notification-service: Notification sent successfully via push
2025-07-30 14:31:39,045 [INFO] notification-service: Notification sent successfully via sms
2025-07-30 14:31:39,045 [INFO] notification-service: Notification sent successfully via sms
2025-07-30 14:31:39,045 [INFO] notification-service: Notification sent successfully via sms
2025-07-30 14:31:45,349 [INFO] notification-service: Notification sent successfully via email
2025-07-30 14:31:45,349 [INFO] notification-service: Notification sent successfully via push
2025-07-30 14:31:47,904 [INFO] notification-service: Notification sent successfully via sms
2025-07-30 14:31:47,905 [INFO] notification-service: Notification sent successfully via push
2025-07-30 14:31:47,905 [INFO] notification-service: Notification sent successfully via email
2025-07-30 14:31:51,143 [INFO] notification-service: Notification sent successfully via sms
2025-07-30 14:31:51,143 [INFO] notification-service: Notification sent successfully via push
2025-07-30 14:31:51,144 [INFO] notification-service: Notification sent successfully via push
2025-07-30 14:31:51,145 [ERROR] notification-service: Notification failed: NETWORK_ERROR
2025-07-30 14:31:59,361 [INFO] notification-service: Notification sent successfully via sms
2025-07-30 14:31:59,361 [INFO] notification-service: Notification sent successfully via email
2025-07-30 14:31:59,362 [INFO] notification-service: Notification sent successfully via push
2025-07-30 14:32:06,012 [INFO] notification-service: Notification sent successfully via sms
2025-07-30 14:32:18,238 [INFO] notification-service: Notification sent successfully via push
2025-07-30 14:32:27,406 [INFO] notification-service: Notification sent successfully via push
2025-07-30 14:32:27,411 [INFO] notification-service: Notification sent successfully via sms
2025-07-30 14:32:27,414 [INFO] notification-service: Notification sent successfully via email
2025-07-30 14:32:27,416 [INFO] notification-service: Notification sent successfully via email
2025-07-30 14:32:39,840 [INFO] notification-service: Notification sent successfully via email
2025-07-30 14:32:51,356 [INFO] notification-service: Notification sent successfully via email
2025-07-30 14:32:51,357 [INFO] notification-service: Notification sent successfully via sms
2025-07-30 14:32:51,357 [INFO] notification-service: Notification sent successfully via sms
2025-07-30 14:33:03,104 [INFO] notification-service: Notification sent successfully via email
2025-07-30 14:33:03,105 [INFO] notification-service: Notification sent successfully via email
2025-07-30 14:33:03,106 [INFO] notification-service: Notification sent successfully via sms
2025-07-30 14:33:09,797 [INFO] notification-service: Notification sent successfully via sms
2025-07-30 14:33:09,797 [INFO] notification-service: Notification sent successfully via email
2025-07-30 14:33:09,798 [INFO] notification-service: Notification sent successfully via sms
2025-07-30 14:33:09,798 [INFO] notification-service: Notification sent successfully via email
2025-07-30 14:33:17,947 [ERROR] notification-service: Notification failed: QUOTA_EXCEEDED
2025-07-30 14:33:17,948 [INFO] notification-service: Notification sent successfully via sms
2025-07-30 14:33:17,948 [INFO] notification-service: Notification sent successfully via email
2025-07-30 14:33:26,122 [INFO] notification-service: Notification sent successfully via email
2025-07-30 14:33:41,036 [INFO] notification-service: Notification sent successfully via sms
2025-07-30 14:33:41,037 [INFO] notification-service: Notification sent successfully via sms
2025-07-30 14:33:41,037 [INFO] notification-service: Notification sent successfully via push
2025-07-30 14:33:41,038 [INFO] notification-service: Notification sent successfully via sms
2025-07-30 14:33:46,636 [INFO] notification-service: Notification sent successfully via email
2025-07-30 14:33:46,636 [INFO] notification-service: Notification sent successfully via sms
2025-07-30 14:33:46,636 [INFO] notification-service: Notification sent successfully via email
2025-07-30 14:33:57,826 [INFO] notification-service: Notification sent successfully via email
2025-07-30 14:33:57,827 [INFO] notification-service: Notification sent successfully via sms
2025-07-30 14:34:03,266 [INFO] notification-service: Notification sent successfully via sms
2025-07-30 14:34:03,267 [INFO] notification-service: Notification sent successfully via sms
2025-07-30 14:34:05,690 [INFO] notification-service: Notification sent successfully via sms
2025-07-30 14:34:05,691 [INFO] notification-service: Notification sent successfully via sms
2025-07-30 14:34:17,403 [INFO] notification-service: Notification sent successfully via sms
2025-07-30 14:34:31,520 [INFO] notification-service: Notification sent successfully via sms
2025-07-30 14:34:31,521 [INFO] notification-service: Notification sent successfully via email
2025-07-30 14:34:31,521 [INFO] notification-service: Notification sent successfully via sms
2025-07-30 14:34:36,845 [INFO] notification-service: Notification sent successfully via email
2025-07-30 14:34:36,846 [INFO] notification-service: Notification sent successfully via sms
2025-07-30 14:34:36,846 [INFO] notification-service: Notification sent successfully via sms
2025-07-30 14:34:36,847 [INFO] notification-service: Notification sent successfully via sms
2025-07-30 14:34:50,514 [INFO] notification-service: Notification sent successfully via sms
2025-07-30 14:34:50,514 [INFO] notification-service: Notification sent successfully via email
2025-07-30 14:34:53,076 [INFO] notification-service: Notification sent successfully via sms
2025-07-30 14:34:53,077 [INFO] notification-service: Notification sent successfully via sms
2025-07-30 14:35:05,565 [INFO] notification-service: Notification sent successfully via sms
2025-07-30 14:35:20,296 [INFO] notification-service: Notification sent successfully via email
2025-07-30 14:35:20,296 [INFO] notification-service: Notification sent successfully via sms
2025-07-30 14:35:20,297 [INFO] notification-service: Notification sent successfully via push
2025-07-30 14:35:33,056 [INFO] notification-service: Notification sent successfully via email
2025-07-30 14:35:43,683 [ERROR] notification-service: Notification failed: INVALID_RECIPIENT
2025-07-30 14:35:43,683 [INFO] notification-service: Notification sent successfully via sms
2025-07-30 14:35:43,684 [INFO] notification-service: Notification sent successfully via sms
2025-07-30 14:35:43,684 [INFO] notification-service: Notification sent successfully via email
2025-07-30 14:35:50,093 [INFO] notification-service: Notification sent successfully via sms
2025-07-30 14:35:55,575 [INFO] notification-service: Notification sent successfully via email
2025-07-30 14:35:55,576 [INFO] notification-service: Notification sent successfully via sms
2025-07-30 14:36:09,746 [INFO] notification-service: Notification sent successfully via sms
2025-07-30 14:36:09,747 [INFO] notification-service: Notification sent successfully via email
2025-07-30 14:36:24,602 [INFO] notification-service: Notification sent successfully via email
2025-07-30 14:36:24,603 [INFO] notification-service: Notification sent successfully via push
2025-07-30 14:36:24,603 [INFO] notification-service: Notification sent successfully via email
2025-07-30 14:36:24,604 [INFO] notification-service: Notification sent successfully via push
2025-07-30 14:36:28,014 [INFO] notification-service: Notification sent successfully via email
2025-07-30 14:36:28,014 [INFO] notification-service: Notification sent successfully via sms
2025-07-30 14:36:32,843 [INFO] notification-service: Notification sent successfully via sms
2025-07-30 14:36:32,844 [INFO] notification-service: Notification sent successfully via email
2025-07-30 14:36:45,898 [INFO] notification-service: Notification sent successfully via email
2025-07-30 14:36:57,966 [INFO] notification-service: Notification sent successfully via email
2025-07-30 14:36:57,966 [INFO] notification-service: Notification sent successfully via push
2025-07-30 14:36:57,967 [INFO] notification-service: Notification sent successfully via email
2025-07-30 14:37:10,172 [INFO] notification-service: Notification sent successfully via email
2025-07-30 14:37:10,173 [INFO] notification-service: Notification sent successfully via sms
2025-07-30 14:37:23,253 [INFO] notification-service: Notification sent successfully via sms
2025-07-30 14:37:23,254 [INFO] notification-service: Notification sent successfully via email
2025-07-30 14:37:23,254 [ERROR] notification-service: Notification failed: NETWORK_ERROR
2025-07-30 14:37:23,254 [INFO] notification-service: Notification sent successfully via sms
2025-07-30 14:37:32,299 [INFO] notification-service: Notification sent successfully via email
2025-07-30 14:37:32,300 [INFO] notification-service: Notification sent successfully via email
2025-07-30 14:37:36,898 [INFO] notification-service: Notification sent successfully via email
2025-07-30 14:37:36,898 [INFO] notification-service: Notification sent successfully via push
2025-07-30 14:37:36,899 [INFO] notification-service: Notification sent successfully via email
2025-07-30 14:37:36,899 [INFO] notification-service: Notification sent successfully via sms
2025-07-30 14:37:50,018 [INFO] notification-service: Notification sent successfully via sms
2025-07-30 14:37:55,313 [INFO] notification-service: Notification sent successfully via sms
2025-07-30 14:37:55,314 [INFO] notification-service: Notification sent successfully via sms
2025-07-30 14:37:55,314 [INFO] notification-service: Notification sent successfully via email
2025-07-30 14:37:55,315 [INFO] notification-service: Notification sent successfully via email
2025-07-30 14:38:10,111 [INFO] notification-service: Notification sent successfully via sms
2025-07-30 14:38:10,112 [ERROR] notification-service: Notification failed: QUOTA_EXCEEDED
2025-07-30 14:38:15,991 [INFO] notification-service: Notification sent successfully via sms
2025-07-30 14:38:28,409 [INFO] notification-service: Notification sent successfully via sms
2025-07-30 14:38:38,182 [INFO] notification-service: Notification sent successfully via sms
2025-07-30 14:38:38,182 [INFO] notification-service: Notification sent successfully via sms
2025-07-30 14:38:44,417 [INFO] notification-service: Notification sent successfully via sms
2025-07-30 14:38:44,417 [INFO] notification-service: Notification sent successfully via sms
2025-07-30 14:38:44,418 [INFO] notification-service: Notification sent successfully via email
2025-07-30 14:38:47,196 [INFO] notification-service: Notification sent successfully via sms
2025-07-30 14:39:00,432 [INFO] notification-service: Notification sent successfully via email
2025-07-30 14:39:00,432 [INFO] notification-service: Notification sent successfully via sms
2025-07-30 14:39:00,433 [INFO] notification-service: Notification sent successfully via sms
2025-07-30 14:39:00,433 [INFO] notification-service: Notification sent successfully via sms
2025-07-30 14:39:08,428 [INFO] notification-service: Notification sent successfully via email
2025-07-30 14:39:08,429 [INFO] notification-service: Notification sent successfully via email
2025-07-30 14:39:08,429 [INFO] notification-service: Notification sent successfully via sms
2025-07-30 14:39:21,895 [ERROR] notification-service: Notification failed: QUOTA_EXCEEDED
2025-07-30 14:39:35,324 [INFO] notification-service: Notification sent successfully via push
2025-07-30 14:39:35,324 [INFO] notification-service: Notification sent successfully via sms
2025-07-30 14:39:35,325 [INFO] notification-service: Notification sent successfully via email
2025-07-30 14:39:49,546 [INFO] notification-service: Notification sent successfully via push
2025-07-30 14:39:49,546 [INFO] notification-service: Notification sent successfully via sms
2025-07-30 14:39:49,547 [INFO] notification-service: Notification sent successfully via email
2025-07-30 14:39:52,990 [ERROR] notification-service: Notification failed: QUOTA_EXCEEDED
2025-07-30 14:39:52,990 [INFO] notification-service: Notification sent successfully via sms
2025-07-30 14:40:03,796 [INFO] notification-service: Notification sent successfully via sms
2025-07-30 14:40:03,797 [ERROR] notification-service: Notification failed: INVALID_RECIPIENT
2025-07-30 14:40:07,148 [INFO] notification-service: Notification sent successfully via email
2025-07-30 14:40:07,148 [INFO] notification-service: Notification sent successfully via email
2025-07-30 14:40:07,148 [INFO] notification-service: Notification sent successfully via sms
2025-07-30 14:40:15,411 [INFO] notification-service: Notification sent successfully via sms
2025-07-30 14:40:15,412 [INFO] notification-service: Notification sent successfully via push
2025-07-30 14:40:23,844 [ERROR] notification-service: Notification failed: QUOTA_EXCEEDED
2025-07-30 14:40:23,844 [INFO] notification-service: Notification sent successfully via sms
2025-07-30 14:40:23,844 [INFO] notification-service: Notification sent successfully via email
2025-07-30 14:40:23,845 [INFO] notification-service: Notification sent successfully via sms
2025-07-30 14:40:31,923 [INFO] notification-service: Notification sent successfully via sms
2025-07-30 14:40:31,923 [INFO] notification-service: Notification sent successfully via email
